<?xml version="1.0" encoding="UTF-8"?>
<testsuite name="com.coviscon.configservice.ConfigServiceApplicationTests" tests="1" skipped="0" failures="0" errors="0" timestamp="2023-11-15T06:10:00" hostname="lhs-MacBookPro.local" time="0.144">
  <properties/>
  <testcase name="contextLoads()" classname="com.coviscon.configservice.ConfigServiceApplicationTests" time="0.144"/>
  <system-out><![CDATA[15:09:53.944 [Test worker] DEBUG org.springframework.test.context.BootstrapUtils - Instantiating CacheAwareContextLoaderDelegate from class [org.springframework.test.context.cache.DefaultCacheAwareContextLoaderDelegate]
15:09:53.948 [Test worker] DEBUG org.springframework.test.context.BootstrapUtils - Instantiating BootstrapContext using constructor [public org.springframework.test.context.support.DefaultBootstrapContext(java.lang.Class,org.springframework.test.context.CacheAwareContextLoaderDelegate)]
15:09:53.961 [Test worker] DEBUG org.springframework.test.context.BootstrapUtils - Instantiating TestContextBootstrapper for test class [com.coviscon.configservice.ConfigServiceApplicationTests] from class [org.springframework.boot.test.context.SpringBootTestContextBootstrapper]
15:09:53.965 [Test worker] INFO org.springframework.boot.test.context.SpringBootTestContextBootstrapper - Neither @ContextConfiguration nor @ContextHierarchy found for test class [com.coviscon.configservice.ConfigServiceApplicationTests], using SpringBootContextLoader
15:09:53.967 [Test worker] DEBUG org.springframework.test.context.support.AbstractContextLoader - Did not detect default resource location for test class [com.coviscon.configservice.ConfigServiceApplicationTests]: class path resource [com/coviscon/configservice/ConfigServiceApplicationTests-context.xml] does not exist
15:09:53.967 [Test worker] DEBUG org.springframework.test.context.support.AbstractContextLoader - Did not detect default resource location for test class [com.coviscon.configservice.ConfigServiceApplicationTests]: class path resource [com/coviscon/configservice/ConfigServiceApplicationTestsContext.groovy] does not exist
15:09:53.967 [Test worker] INFO org.springframework.test.context.support.AbstractContextLoader - Could not detect default resource locations for test class [com.coviscon.configservice.ConfigServiceApplicationTests]: no resource found for suffixes {-context.xml, Context.groovy}.
15:09:53.967 [Test worker] INFO org.springframework.test.context.support.AnnotationConfigContextLoaderUtils - Could not detect default configuration classes for test class [com.coviscon.configservice.ConfigServiceApplicationTests]: ConfigServiceApplicationTests does not declare any static, non-private, non-final, nested classes annotated with @Configuration.
15:09:53.983 [Test worker] DEBUG org.springframework.test.context.support.ActiveProfilesUtils - Could not find an 'annotation declaring class' for annotation type [org.springframework.test.context.ActiveProfiles] and class [com.coviscon.configservice.ConfigServiceApplicationTests]
15:09:54.004 [Test worker] DEBUG org.springframework.context.annotation.ClassPathScanningCandidateComponentProvider - Identified candidate component class: file [/Users/lhs/Documents/final-project/config-service/build/classes/java/main/com/coviscon/configservice/ConfigServiceApplication.class]
15:09:54.005 [Test worker] INFO org.springframework.boot.test.context.SpringBootTestContextBootstrapper - Found @SpringBootConfiguration com.coviscon.configservice.ConfigServiceApplication for test class com.coviscon.configservice.ConfigServiceApplicationTests
15:09:54.044 [Test worker] DEBUG org.springframework.boot.test.context.SpringBootTestContextBootstrapper - @TestExecutionListeners is not present for class [com.coviscon.configservice.ConfigServiceApplicationTests]: using defaults.
15:09:54.044 [Test worker] INFO org.springframework.boot.test.context.SpringBootTestContextBootstrapper - Loaded default TestExecutionListener class names from location [META-INF/spring.factories]: [org.springframework.boot.test.autoconfigure.restdocs.RestDocsTestExecutionListener, org.springframework.boot.test.autoconfigure.web.client.MockRestServiceServerResetTestExecutionListener, org.springframework.boot.test.autoconfigure.web.servlet.MockMvcPrintOnlyOnFailureTestExecutionListener, org.springframework.boot.test.autoconfigure.web.servlet.WebDriverTestExecutionListener, org.springframework.boot.test.autoconfigure.webservices.client.MockWebServiceServerTestExecutionListener, org.springframework.boot.test.mock.mockito.MockitoTestExecutionListener, org.springframework.boot.test.mock.mockito.ResetMocksTestExecutionListener, org.springframework.test.context.web.ServletTestExecutionListener, org.springframework.test.context.support.DirtiesContextBeforeModesTestExecutionListener, org.springframework.test.context.event.ApplicationEventsTestExecutionListener, org.springframework.test.context.support.DependencyInjectionTestExecutionListener, org.springframework.test.context.support.DirtiesContextTestExecutionListener, org.springframework.test.context.transaction.TransactionalTestExecutionListener, org.springframework.test.context.jdbc.SqlScriptsTestExecutionListener, org.springframework.test.context.event.EventPublishingTestExecutionListener]
15:09:54.051 [Test worker] INFO org.springframework.boot.test.context.SpringBootTestContextBootstrapper - Using TestExecutionListeners: [org.springframework.test.context.web.ServletTestExecutionListener@33c2bd, org.springframework.test.context.support.DirtiesContextBeforeModesTestExecutionListener@1dfd5f51, org.springframework.test.context.event.ApplicationEventsTestExecutionListener@3c321bdb, org.springframework.boot.test.mock.mockito.MockitoTestExecutionListener@24855019, org.springframework.boot.test.autoconfigure.SpringBootDependencyInjectionTestExecutionListener@3abd581e, org.springframework.test.context.support.DirtiesContextTestExecutionListener@4d4d8fcf, org.springframework.test.context.transaction.TransactionalTestExecutionListener@610db97e, org.springframework.test.context.jdbc.SqlScriptsTestExecutionListener@6f0628de, org.springframework.test.context.event.EventPublishingTestExecutionListener@3fabf088, org.springframework.boot.test.autoconfigure.restdocs.RestDocsTestExecutionListener@1e392345, org.springframework.boot.test.autoconfigure.web.client.MockRestServiceServerResetTestExecutionListener@12f3afb5, org.springframework.boot.test.autoconfigure.web.servlet.MockMvcPrintOnlyOnFailureTestExecutionListener@4ced35ed, org.springframework.boot.test.autoconfigure.web.servlet.WebDriverTestExecutionListener@2c22a348, org.springframework.boot.test.autoconfigure.webservices.client.MockWebServiceServerTestExecutionListener@7bd69e82, org.springframework.boot.test.mock.mockito.ResetMocksTestExecutionListener@74d7184a]
15:09:54.053 [Test worker] DEBUG org.springframework.test.context.support.AbstractDirtiesContextTestExecutionListener - Before test class: context [DefaultTestContext@619bd14c testClass = ConfigServiceApplicationTests, testInstance = [null], testMethod = [null], testException = [null], mergedContextConfiguration = [WebMergedContextConfiguration@323e8306 testClass = ConfigServiceApplicationTests, locations = '{}', classes = '{class com.coviscon.configservice.ConfigServiceApplication}', contextInitializerClasses = '[]', activeProfiles = '{}', propertySourceLocations = '{}', propertySourceProperties = '{org.springframework.boot.test.context.SpringBootTestContextBootstrapper=true}', contextCustomizers = set[org.springframework.boot.test.autoconfigure.actuate.metrics.MetricsExportContextCustomizerFactory$DisableMetricExportContextCustomizer@6821ea29, org.springframework.boot.test.autoconfigure.properties.PropertyMappingContextCustomizer@0, org.springframework.boot.test.autoconfigure.web.servlet.WebDriverContextCustomizerFactory$Customizer@1c7fd41f, org.springframework.boot.test.context.filter.ExcludeFilterContextCustomizer@662f5666, org.springframework.boot.test.json.DuplicateJsonObjectContextCustomizerFactory$DuplicateJsonObjectContextCustomizer@502f1f4c, org.springframework.boot.test.mock.mockito.MockitoContextCustomizer@0, org.springframework.boot.test.web.client.TestRestTemplateContextCustomizer@4cc6fa2a, org.springframework.boot.test.context.SpringBootTestArgs@1, org.springframework.boot.test.context.SpringBootTestWebEnvironment@16c069df], resourceBasePath = 'src/main/webapp', contextLoader = 'org.springframework.boot.test.context.SpringBootContextLoader', parent = [null]], attributes = map['org.springframework.test.context.web.ServletTestExecutionListener.activateListener' -> true]], class annotated with @DirtiesContext [false] with mode [null].

  .   ____          _            __ _ _
 /\\ / ___'_ __ _ _(_)_ __  __ _ \ \ \ \
( ( )\___ | '_ | '_| | '_ \/ _` | \ \ \ \
 \\/  ___)| |_)| | | | | || (_| |  ) ) ) )
  '  |____| .__|_| |_|_| |_\__, | / / / /
 =========|_|==============|___/=/_/_/_/
 :: Spring Boot ::               (v2.7.17)

2023-11-15 15:09:59.259  INFO 7118 --- [    Test worker] c.c.c.ConfigServiceApplicationTests      : Starting ConfigServiceApplicationTests using Java 11.0.20.1 on lhs-MacBookPro.local with PID 7118 (started by lhs in /Users/lhs/Documents/final-project/config-service)
2023-11-15 15:09:59.260  INFO 7118 --- [    Test worker] c.c.c.ConfigServiceApplicationTests      : No active profile set, falling back to 1 default profile: "default"
2023-11-15 15:09:59.735  INFO 7118 --- [    Test worker] faultConfiguringBeanFactoryPostProcessor : No bean named 'errorChannel' has been explicitly defined. Therefore, a default PublishSubscribeChannel will be created.
2023-11-15 15:09:59.741  INFO 7118 --- [    Test worker] faultConfiguringBeanFactoryPostProcessor : No bean named 'integrationHeaderChannelRegistry' has been explicitly defined. Therefore, a default DefaultHeaderChannelRegistry will be created.
2023-11-15 15:09:59.779  INFO 7118 --- [    Test worker] o.s.cloud.context.scope.GenericScope     : BeanFactory id=5cc7d5c3-2c1d-3721-aa67-b849ab9c6b11
2023-11-15 15:10:00.628  INFO 7118 --- [    Test worker] o.s.c.s.m.DirectWithAttributesChannel    : Channel 'config-service.springCloudBusInput' has 1 subscriber(s).
2023-11-15 15:10:00.754  INFO 7118 --- [    Test worker] o.s.b.a.e.web.EndpointLinksResolver      : Exposing 2 endpoint(s) beneath base path '/actuator'
2023-11-15 15:10:00.797  INFO 7118 --- [    Test worker] o.s.i.endpoint.EventDrivenConsumer       : Adding {logging-channel-adapter:_org.springframework.integration.errorLogger} as a subscriber to the 'errorChannel' channel
2023-11-15 15:10:00.797  INFO 7118 --- [    Test worker] o.s.i.channel.PublishSubscribeChannel    : Channel 'config-service.errorChannel' has 1 subscriber(s).
2023-11-15 15:10:00.797  INFO 7118 --- [    Test worker] o.s.i.endpoint.EventDrivenConsumer       : started bean '_org.springframework.integration.errorLogger'
2023-11-15 15:10:00.850  INFO 7118 --- [    Test worker] c.s.b.r.p.RabbitExchangeQueueProvisioner : declaring queue for inbound: springCloudBus.anonymous.IV6kEj-UR56aPBnXRW_c_g, bound to: springCloudBus
2023-11-15 15:10:00.852  INFO 7118 --- [    Test worker] o.s.a.r.c.CachingConnectionFactory       : Attempting to connect to: [127.0.0.1:5672]
2023-11-15 15:10:00.876  INFO 7118 --- [    Test worker] o.s.a.r.c.CachingConnectionFactory       : Created new connection: rabbitConnectionFactory#5599dc60:0/SimpleConnection@a1a72d4 [delegate=amqp://guest@127.0.0.1:5672/, localPort= 52958]
2023-11-15 15:10:00.899  INFO 7118 --- [    Test worker] o.s.c.stream.binder.BinderErrorChannel   : Channel 'springCloudBus.anonymous.IV6kEj-UR56aPBnXRW_c_g.errors' has 1 subscriber(s).
2023-11-15 15:10:00.900  INFO 7118 --- [    Test worker] o.s.c.stream.binder.BinderErrorChannel   : Channel 'springCloudBus.anonymous.IV6kEj-UR56aPBnXRW_c_g.errors' has 2 subscriber(s).
2023-11-15 15:10:00.906  INFO 7118 --- [    Test worker] o.s.i.a.i.AmqpInboundChannelAdapter      : started bean 'inbound.springCloudBus.anonymous.IV6kEj-UR56aPBnXRW_c_g'
2023-11-15 15:10:00.916  INFO 7118 --- [    Test worker] c.c.c.ConfigServiceApplicationTests      : Started ConfigServiceApplicationTests in 6.839 seconds (JVM running for 7.308)
]]></system-out>
  <system-err><![CDATA[]]></system-err>
</testsuite>
