<?xml version="1.0" encoding="UTF-8"?>
<testsuite name="com.coviscon.apigatewayservice.ApiGatewayServiceApplicationTests" tests="1" skipped="0" failures="0" errors="0" timestamp="2023-11-15T02:59:49" hostname="lhs-MacBookPro.local" time="0.158">
  <properties/>
  <testcase name="contextLoads()" classname="com.coviscon.apigatewayservice.ApiGatewayServiceApplicationTests" time="0.158"/>
  <system-out><![CDATA[11:59:42.058 [Test worker] DEBUG org.springframework.test.context.BootstrapUtils - Instantiating CacheAwareContextLoaderDelegate from class [org.springframework.test.context.cache.DefaultCacheAwareContextLoaderDelegate]
11:59:42.062 [Test worker] DEBUG org.springframework.test.context.BootstrapUtils - Instantiating BootstrapContext using constructor [public org.springframework.test.context.support.DefaultBootstrapContext(java.lang.Class,org.springframework.test.context.CacheAwareContextLoaderDelegate)]
11:59:42.075 [Test worker] DEBUG org.springframework.test.context.BootstrapUtils - Instantiating TestContextBootstrapper for test class [com.coviscon.apigatewayservice.ApiGatewayServiceApplicationTests] from class [org.springframework.boot.test.context.SpringBootTestContextBootstrapper]
11:59:42.080 [Test worker] INFO org.springframework.boot.test.context.SpringBootTestContextBootstrapper - Neither @ContextConfiguration nor @ContextHierarchy found for test class [com.coviscon.apigatewayservice.ApiGatewayServiceApplicationTests], using SpringBootContextLoader
11:59:42.081 [Test worker] DEBUG org.springframework.test.context.support.AbstractContextLoader - Did not detect default resource location for test class [com.coviscon.apigatewayservice.ApiGatewayServiceApplicationTests]: class path resource [com/coviscon/apigatewayservice/ApiGatewayServiceApplicationTests-context.xml] does not exist
11:59:42.081 [Test worker] DEBUG org.springframework.test.context.support.AbstractContextLoader - Did not detect default resource location for test class [com.coviscon.apigatewayservice.ApiGatewayServiceApplicationTests]: class path resource [com/coviscon/apigatewayservice/ApiGatewayServiceApplicationTestsContext.groovy] does not exist
11:59:42.081 [Test worker] INFO org.springframework.test.context.support.AbstractContextLoader - Could not detect default resource locations for test class [com.coviscon.apigatewayservice.ApiGatewayServiceApplicationTests]: no resource found for suffixes {-context.xml, Context.groovy}.
11:59:42.082 [Test worker] INFO org.springframework.test.context.support.AnnotationConfigContextLoaderUtils - Could not detect default configuration classes for test class [com.coviscon.apigatewayservice.ApiGatewayServiceApplicationTests]: ApiGatewayServiceApplicationTests does not declare any static, non-private, non-final, nested classes annotated with @Configuration.
11:59:42.100 [Test worker] DEBUG org.springframework.test.context.support.ActiveProfilesUtils - Could not find an 'annotation declaring class' for annotation type [org.springframework.test.context.ActiveProfiles] and class [com.coviscon.apigatewayservice.ApiGatewayServiceApplicationTests]
11:59:42.122 [Test worker] DEBUG org.springframework.context.annotation.ClassPathScanningCandidateComponentProvider - Identified candidate component class: file [/Users/lhs/Documents/final-project/api-gateway-service/build/classes/java/main/com/coviscon/apigatewayservice/ApiGatewayServiceApplication.class]
11:59:42.122 [Test worker] INFO org.springframework.boot.test.context.SpringBootTestContextBootstrapper - Found @SpringBootConfiguration com.coviscon.apigatewayservice.ApiGatewayServiceApplication for test class com.coviscon.apigatewayservice.ApiGatewayServiceApplicationTests
11:59:42.173 [Test worker] DEBUG org.springframework.boot.test.context.SpringBootTestContextBootstrapper - @TestExecutionListeners is not present for class [com.coviscon.apigatewayservice.ApiGatewayServiceApplicationTests]: using defaults.
11:59:42.173 [Test worker] INFO org.springframework.boot.test.context.SpringBootTestContextBootstrapper - Loaded default TestExecutionListener class names from location [META-INF/spring.factories]: [org.springframework.boot.test.autoconfigure.restdocs.RestDocsTestExecutionListener, org.springframework.boot.test.autoconfigure.web.client.MockRestServiceServerResetTestExecutionListener, org.springframework.boot.test.autoconfigure.web.servlet.MockMvcPrintOnlyOnFailureTestExecutionListener, org.springframework.boot.test.autoconfigure.web.servlet.WebDriverTestExecutionListener, org.springframework.boot.test.autoconfigure.webservices.client.MockWebServiceServerTestExecutionListener, org.springframework.boot.test.mock.mockito.MockitoTestExecutionListener, org.springframework.boot.test.mock.mockito.ResetMocksTestExecutionListener, org.springframework.test.context.web.ServletTestExecutionListener, org.springframework.test.context.support.DirtiesContextBeforeModesTestExecutionListener, org.springframework.test.context.event.ApplicationEventsTestExecutionListener, org.springframework.test.context.support.DependencyInjectionTestExecutionListener, org.springframework.test.context.support.DirtiesContextTestExecutionListener, org.springframework.test.context.transaction.TransactionalTestExecutionListener, org.springframework.test.context.jdbc.SqlScriptsTestExecutionListener, org.springframework.test.context.event.EventPublishingTestExecutionListener]
11:59:42.177 [Test worker] DEBUG org.springframework.boot.test.context.SpringBootTestContextBootstrapper - Skipping candidate TestExecutionListener [org.springframework.test.context.web.ServletTestExecutionListener] due to a missing dependency. Specify custom listener classes or make the default listener classes and their required dependencies available. Offending class: [javax/servlet/ServletContext]
11:59:42.180 [Test worker] INFO org.springframework.boot.test.context.SpringBootTestContextBootstrapper - Using TestExecutionListeners: [org.springframework.test.context.support.DirtiesContextBeforeModesTestExecutionListener@37ff4054, org.springframework.test.context.event.ApplicationEventsTestExecutionListener@894858, org.springframework.boot.test.mock.mockito.MockitoTestExecutionListener@7af707e0, org.springframework.boot.test.autoconfigure.SpringBootDependencyInjectionTestExecutionListener@737edcfa, org.springframework.test.context.support.DirtiesContextTestExecutionListener@3ecedf21, org.springframework.test.context.transaction.TransactionalTestExecutionListener@74cf8b28, org.springframework.test.context.jdbc.SqlScriptsTestExecutionListener@36c54a56, org.springframework.test.context.event.EventPublishingTestExecutionListener@3359c978, org.springframework.boot.test.autoconfigure.restdocs.RestDocsTestExecutionListener@7ba63fe5, org.springframework.boot.test.autoconfigure.web.client.MockRestServiceServerResetTestExecutionListener@73386d72, org.springframework.boot.test.autoconfigure.web.servlet.MockMvcPrintOnlyOnFailureTestExecutionListener@6f330eb9, org.springframework.boot.test.autoconfigure.web.servlet.WebDriverTestExecutionListener@125c082e, org.springframework.boot.test.autoconfigure.webservices.client.MockWebServiceServerTestExecutionListener@584f5497, org.springframework.boot.test.mock.mockito.ResetMocksTestExecutionListener@68ace111]
11:59:42.181 [Test worker] DEBUG org.springframework.test.context.support.AbstractDirtiesContextTestExecutionListener - Before test class: context [DefaultTestContext@55b62629 testClass = ApiGatewayServiceApplicationTests, testInstance = [null], testMethod = [null], testException = [null], mergedContextConfiguration = [ReactiveWebMergedContextConfiguration@a53bb6f testClass = ApiGatewayServiceApplicationTests, locations = '{}', classes = '{class com.coviscon.apigatewayservice.ApiGatewayServiceApplication}', contextInitializerClasses = '[]', activeProfiles = '{}', propertySourceLocations = '{}', propertySourceProperties = '{org.springframework.boot.test.context.SpringBootTestContextBootstrapper=true}', contextCustomizers = set[org.springframework.boot.test.autoconfigure.actuate.metrics.MetricsExportContextCustomizerFactory$DisableMetricExportContextCustomizer@5ad10c1a, org.springframework.boot.test.autoconfigure.properties.PropertyMappingContextCustomizer@0, org.springframework.boot.test.autoconfigure.web.servlet.WebDriverContextCustomizerFactory$Customizer@40e10ff8, org.springframework.boot.test.context.filter.ExcludeFilterContextCustomizer@33e01298, org.springframework.boot.test.json.DuplicateJsonObjectContextCustomizerFactory$DuplicateJsonObjectContextCustomizer@73ff4fae, org.springframework.boot.test.mock.mockito.MockitoContextCustomizer@0, org.springframework.boot.test.web.client.TestRestTemplateContextCustomizer@7e3060d8, org.springframework.boot.test.web.reactive.server.WebTestClientContextCustomizer@2e54db99, org.springframework.boot.test.context.SpringBootTestArgs@1, org.springframework.boot.test.context.SpringBootTestWebEnvironment@f14a7d4], contextLoader = 'org.springframework.boot.test.context.SpringBootContextLoader', parent = [null]], attributes = map[[empty]]], class annotated with @DirtiesContext [false] with mode [null].
11:59:42.186 [Test worker] DEBUG org.springframework.test.context.support.DependencyInjectionTestExecutionListener - Performing dependency injection for test context [[DefaultTestContext@55b62629 testClass = ApiGatewayServiceApplicationTests, testInstance = com.coviscon.apigatewayservice.ApiGatewayServiceApplicationTests@67fe380b, testMethod = [null], testException = [null], mergedContextConfiguration = [ReactiveWebMergedContextConfiguration@a53bb6f testClass = ApiGatewayServiceApplicationTests, locations = '{}', classes = '{class com.coviscon.apigatewayservice.ApiGatewayServiceApplication}', contextInitializerClasses = '[]', activeProfiles = '{}', propertySourceLocations = '{}', propertySourceProperties = '{org.springframework.boot.test.context.SpringBootTestContextBootstrapper=true}', contextCustomizers = set[org.springframework.boot.test.autoconfigure.actuate.metrics.MetricsExportContextCustomizerFactory$DisableMetricExportContextCustomizer@5ad10c1a, org.springframework.boot.test.autoconfigure.properties.PropertyMappingContextCustomizer@0, org.springframework.boot.test.autoconfigure.web.servlet.WebDriverContextCustomizerFactory$Customizer@40e10ff8, org.springframework.boot.test.context.filter.ExcludeFilterContextCustomizer@33e01298, org.springframework.boot.test.json.DuplicateJsonObjectContextCustomizerFactory$DuplicateJsonObjectContextCustomizer@73ff4fae, org.springframework.boot.test.mock.mockito.MockitoContextCustomizer@0, org.springframework.boot.test.web.client.TestRestTemplateContextCustomizer@7e3060d8, org.springframework.boot.test.web.reactive.server.WebTestClientContextCustomizer@2e54db99, org.springframework.boot.test.context.SpringBootTestArgs@1, org.springframework.boot.test.context.SpringBootTestWebEnvironment@f14a7d4], contextLoader = 'org.springframework.boot.test.context.SpringBootContextLoader', parent = [null]], attributes = map['org.springframework.test.context.event.ApplicationEventsTestExecutionListener.recordApplicationEvents' -> false]]].

  .   ____          _            __ _ _
 /\\ / ___'_ __ _ _(_)_ __  __ _ \ \ \ \
( ( )\___ | '_ | '_| | '_ \/ _` | \ \ \ \
 \\/  ___)| |_)| | | | | || (_| |  ) ) ) )
  '  |____| .__|_| |_|_| |_\__, | / / / /
 =========|_|==============|___/=/_/_/_/
 :: Spring Boot ::               (v2.7.17)

2023-11-15 11:59:47.378  INFO 3887 --- [    Test worker] c.c.a.ApiGatewayServiceApplicationTests  : Starting ApiGatewayServiceApplicationTests using Java 11.0.20.1 on lhs-MacBookPro.local with PID 3887 (started by lhs in /Users/lhs/Documents/final-project/api-gateway-service)
2023-11-15 11:59:47.378  INFO 3887 --- [    Test worker] c.c.a.ApiGatewayServiceApplicationTests  : No active profile set, falling back to 1 default profile: "default"
2023-11-15 11:59:47.881  INFO 3887 --- [    Test worker] faultConfiguringBeanFactoryPostProcessor : No bean named 'errorChannel' has been explicitly defined. Therefore, a default PublishSubscribeChannel will be created.
2023-11-15 11:59:47.887  INFO 3887 --- [    Test worker] faultConfiguringBeanFactoryPostProcessor : No bean named 'integrationHeaderChannelRegistry' has been explicitly defined. Therefore, a default DefaultHeaderChannelRegistry will be created.
2023-11-15 11:59:47.926  INFO 3887 --- [    Test worker] o.s.cloud.context.scope.GenericScope     : BeanFactory id=0b6a92f3-58a0-378a-b1cc-a1d63d1853a6
2023-11-15 11:59:48.003  INFO 3887 --- [    Test worker] trationDelegate$BeanPostProcessorChecker : Bean 'org.springframework.cloud.client.loadbalancer.reactive.LoadBalancerBeanPostProcessorAutoConfiguration' of type [org.springframework.cloud.client.loadbalancer.reactive.LoadBalancerBeanPostProcessorAutoConfiguration] is not eligible for getting processed by all BeanPostProcessors (for example: not eligible for auto-proxying)
2023-11-15 11:59:48.005  INFO 3887 --- [    Test worker] trationDelegate$BeanPostProcessorChecker : Bean 'org.springframework.cloud.client.loadbalancer.reactive.LoadBalancerBeanPostProcessorAutoConfiguration$ReactorDeferringLoadBalancerFilterConfig' of type [org.springframework.cloud.client.loadbalancer.reactive.LoadBalancerBeanPostProcessorAutoConfiguration$ReactorDeferringLoadBalancerFilterConfig] is not eligible for getting processed by all BeanPostProcessors (for example: not eligible for auto-proxying)
2023-11-15 11:59:48.010  INFO 3887 --- [    Test worker] trationDelegate$BeanPostProcessorChecker : Bean 'reactorDeferringLoadBalancerExchangeFilterFunction' of type [org.springframework.cloud.client.loadbalancer.reactive.DeferringLoadBalancerExchangeFilterFunction] is not eligible for getting processed by all BeanPostProcessors (for example: not eligible for auto-proxying)
2023-11-15 11:59:48.517  INFO 3887 --- [    Test worker] o.s.c.g.r.RouteDefinitionRouteLocator    : Loaded RoutePredicateFactory [After]
2023-11-15 11:59:48.517  INFO 3887 --- [    Test worker] o.s.c.g.r.RouteDefinitionRouteLocator    : Loaded RoutePredicateFactory [Before]
2023-11-15 11:59:48.517  INFO 3887 --- [    Test worker] o.s.c.g.r.RouteDefinitionRouteLocator    : Loaded RoutePredicateFactory [Between]
2023-11-15 11:59:48.517  INFO 3887 --- [    Test worker] o.s.c.g.r.RouteDefinitionRouteLocator    : Loaded RoutePredicateFactory [Cookie]
2023-11-15 11:59:48.517  INFO 3887 --- [    Test worker] o.s.c.g.r.RouteDefinitionRouteLocator    : Loaded RoutePredicateFactory [Header]
2023-11-15 11:59:48.517  INFO 3887 --- [    Test worker] o.s.c.g.r.RouteDefinitionRouteLocator    : Loaded RoutePredicateFactory [Host]
2023-11-15 11:59:48.517  INFO 3887 --- [    Test worker] o.s.c.g.r.RouteDefinitionRouteLocator    : Loaded RoutePredicateFactory [Method]
2023-11-15 11:59:48.517  INFO 3887 --- [    Test worker] o.s.c.g.r.RouteDefinitionRouteLocator    : Loaded RoutePredicateFactory [Path]
2023-11-15 11:59:48.517  INFO 3887 --- [    Test worker] o.s.c.g.r.RouteDefinitionRouteLocator    : Loaded RoutePredicateFactory [Query]
2023-11-15 11:59:48.517  INFO 3887 --- [    Test worker] o.s.c.g.r.RouteDefinitionRouteLocator    : Loaded RoutePredicateFactory [ReadBody]
2023-11-15 11:59:48.517  INFO 3887 --- [    Test worker] o.s.c.g.r.RouteDefinitionRouteLocator    : Loaded RoutePredicateFactory [RemoteAddr]
2023-11-15 11:59:48.517  INFO 3887 --- [    Test worker] o.s.c.g.r.RouteDefinitionRouteLocator    : Loaded RoutePredicateFactory [XForwardedRemoteAddr]
2023-11-15 11:59:48.517  INFO 3887 --- [    Test worker] o.s.c.g.r.RouteDefinitionRouteLocator    : Loaded RoutePredicateFactory [Weight]
2023-11-15 11:59:48.517  INFO 3887 --- [    Test worker] o.s.c.g.r.RouteDefinitionRouteLocator    : Loaded RoutePredicateFactory [CloudFoundryRouteService]
2023-11-15 11:59:48.820  INFO 3887 --- [    Test worker] o.s.b.a.e.web.EndpointLinksResolver      : Exposing 7 endpoint(s) beneath base path '/actuator'
2023-11-15 11:59:49.007  INFO 3887 --- [    Test worker] o.s.c.s.m.DirectWithAttributesChannel    : Channel 'api-gateway-service.springCloudBusInput' has 1 subscriber(s).
2023-11-15 11:59:49.075  INFO 3887 --- [    Test worker] DiscoveryClientOptionalArgsConfiguration : Eureka HTTP Client uses RestTemplate.
2023-11-15 11:59:49.131  WARN 3887 --- [    Test worker] iguration$LoadBalancerCaffeineWarnLogger : Spring Cloud LoadBalancer is currently working with the default cache. While this cache implementation is useful for development and tests, it's recommended to use Caffeine cache in production.You can switch to using Caffeine cache, by adding it and org.springframework.cache.caffeine.CaffeineCacheManager to the classpath.
2023-11-15 11:59:49.176  INFO 3887 --- [    Test worker] o.s.i.endpoint.EventDrivenConsumer       : Adding {logging-channel-adapter:_org.springframework.integration.errorLogger} as a subscriber to the 'errorChannel' channel
2023-11-15 11:59:49.176  INFO 3887 --- [    Test worker] o.s.i.channel.PublishSubscribeChannel    : Channel 'api-gateway-service.errorChannel' has 1 subscriber(s).
2023-11-15 11:59:49.176  INFO 3887 --- [    Test worker] o.s.i.endpoint.EventDrivenConsumer       : started bean '_org.springframework.integration.errorLogger'
2023-11-15 11:59:49.181  INFO 3887 --- [    Test worker] o.s.c.n.eureka.InstanceInfoFactory       : Setting initial instance status as: STARTING
2023-11-15 11:59:49.211  INFO 3887 --- [    Test worker] com.netflix.discovery.DiscoveryClient    : Initializing Eureka in region us-east-1
2023-11-15 11:59:49.214  INFO 3887 --- [    Test worker] c.n.d.s.r.aws.ConfigClusterResolver      : Resolving eureka endpoints via configuration
2023-11-15 11:59:49.223  INFO 3887 --- [    Test worker] com.netflix.discovery.DiscoveryClient    : Disable delta property : false
2023-11-15 11:59:49.223  INFO 3887 --- [    Test worker] com.netflix.discovery.DiscoveryClient    : Single vip registry refresh property : null
2023-11-15 11:59:49.223  INFO 3887 --- [    Test worker] com.netflix.discovery.DiscoveryClient    : Force full registry fetch : false
2023-11-15 11:59:49.223  INFO 3887 --- [    Test worker] com.netflix.discovery.DiscoveryClient    : Application is null : false
2023-11-15 11:59:49.223  INFO 3887 --- [    Test worker] com.netflix.discovery.DiscoveryClient    : Registered Applications size is zero : true
2023-11-15 11:59:49.223  INFO 3887 --- [    Test worker] com.netflix.discovery.DiscoveryClient    : Application version is -1: true
2023-11-15 11:59:49.223  INFO 3887 --- [    Test worker] com.netflix.discovery.DiscoveryClient    : Getting all instance registry info from the eureka server
2023-11-15 11:59:49.333  INFO 3887 --- [    Test worker] com.netflix.discovery.DiscoveryClient    : The response status is 200
2023-11-15 11:59:49.334  INFO 3887 --- [    Test worker] com.netflix.discovery.DiscoveryClient    : Starting heartbeat executor: renew interval is: 30
2023-11-15 11:59:49.335  INFO 3887 --- [    Test worker] c.n.discovery.InstanceInfoReplicator     : InstanceInfoReplicator onDemand update allowed rate per min is 4
2023-11-15 11:59:49.337  INFO 3887 --- [    Test worker] com.netflix.discovery.DiscoveryClient    : Discovery Client initialized at timestamp 1700017189337 with initial instances count: 0
2023-11-15 11:59:49.339  INFO 3887 --- [    Test worker] o.s.c.n.e.s.EurekaServiceRegistry        : Registering application API-GATEWAY-SERVICE with eureka with status UP
2023-11-15 11:59:49.340  INFO 3887 --- [    Test worker] com.netflix.discovery.DiscoveryClient    : Saw local status change event StatusChangeEvent [timestamp=1700017189340, current=UP, previous=STARTING]
2023-11-15 11:59:49.340  INFO 3887 --- [nfoReplicator-0] com.netflix.discovery.DiscoveryClient    : DiscoveryClient_API-GATEWAY-SERVICE/172.20.10.14:api-gateway-service:8000: registering service...
2023-11-15 11:59:49.360  INFO 3887 --- [nfoReplicator-0] com.netflix.discovery.DiscoveryClient    : DiscoveryClient_API-GATEWAY-SERVICE/172.20.10.14:api-gateway-service:8000 - registration status: 204
2023-11-15 11:59:49.436  INFO 3887 --- [    Test worker] c.s.b.r.p.RabbitExchangeQueueProvisioner : declaring queue for inbound: springCloudBus.anonymous.jxDEZVszR3OG8NKD-YLziA, bound to: springCloudBus
2023-11-15 11:59:49.438  INFO 3887 --- [    Test worker] o.s.a.r.c.CachingConnectionFactory       : Attempting to connect to: [localhost:5672]
2023-11-15 11:59:49.461  INFO 3887 --- [    Test worker] o.s.a.r.c.CachingConnectionFactory       : Created new connection: rabbitConnectionFactory#6f976c:0/SimpleConnection@2f83467 [delegate=amqp://guest@127.0.0.1:5672/, localPort= 51831]
2023-11-15 11:59:49.492  INFO 3887 --- [    Test worker] o.s.c.stream.binder.BinderErrorChannel   : Channel 'springCloudBus.anonymous.jxDEZVszR3OG8NKD-YLziA.errors' has 1 subscriber(s).
2023-11-15 11:59:49.496  INFO 3887 --- [    Test worker] o.s.c.stream.binder.BinderErrorChannel   : Channel 'springCloudBus.anonymous.jxDEZVszR3OG8NKD-YLziA.errors' has 2 subscriber(s).
2023-11-15 11:59:49.504  INFO 3887 --- [    Test worker] o.s.i.a.i.AmqpInboundChannelAdapter      : started bean 'inbound.springCloudBus.anonymous.jxDEZVszR3OG8NKD-YLziA'
2023-11-15 11:59:49.520  INFO 3887 --- [    Test worker] c.c.a.ApiGatewayServiceApplicationTests  : Started ApiGatewayServiceApplicationTests in 7.322 seconds (JVM running for 7.815)
]]></system-out>
  <system-err><![CDATA[]]></system-err>
</testsuite>
